{"/Users/virajparekh/Projects/campusbuddy/campusbuddy/src/components/auth/Login.jsx": {"path":"/Users/virajparekh/Projects/campusbuddy/campusbuddy/src/components/auth/Login.jsx","statementMap":{"0":{"start":{"line":13,"column":14},"end":{"line":131,"column":1}},"1":{"start":{"line":14,"column":26},"end":{"line":14,"column":75}},"2":{"start":{"line":15,"column":38},"end":{"line":15,"column":53}},"3":{"start":{"line":16,"column":28},"end":{"line":16,"column":40}},"4":{"start":{"line":17,"column":19},"end":{"line":17,"column":32}},"5":{"start":{"line":18,"column":22},"end":{"line":18,"column":45}},"6":{"start":{"line":20,"column":23},"end":{"line":26,"column":3}},"7":{"start":{"line":20,"column":34},"end":{"line":26,"column":3}},"8":{"start":{"line":21,"column":4},"end":{"line":25,"column":8}},"9":{"start":{"line":21,"column":23},"end":{"line":25,"column":5}},"10":{"start":{"line":28,"column":19},"end":{"line":33,"column":3}},"11":{"start":{"line":29,"column":19},"end":{"line":29,"column":21}},"12":{"start":{"line":30,"column":4},"end":{"line":30,"column":63}},"13":{"start":{"line":30,"column":28},"end":{"line":30,"column":63}},"14":{"start":{"line":31,"column":4},"end":{"line":31,"column":72}},"15":{"start":{"line":31,"column":31},"end":{"line":31,"column":72}},"16":{"start":{"line":32,"column":4},"end":{"line":32,"column":18}},"17":{"start":{"line":35,"column":23},"end":{"line":62,"column":3}},"18":{"start":{"line":36,"column":4},"end":{"line":36,"column":23}},"19":{"start":{"line":37,"column":4},"end":{"line":37,"column":17}},"20":{"start":{"line":38,"column":19},"end":{"line":38,"column":29}},"21":{"start":{"line":39,"column":4},"end":{"line":42,"column":5}},"22":{"start":{"line":40,"column":6},"end":{"line":40,"column":47}},"23":{"start":{"line":40,"column":25},"end":{"line":40,"column":44}},"24":{"start":{"line":41,"column":6},"end":{"line":41,"column":13}},"25":{"start":{"line":43,"column":4},"end":{"line":43,"column":24}},"26":{"start":{"line":44,"column":4},"end":{"line":60,"column":5}},"27":{"start":{"line":45,"column":18},"end":{"line":49,"column":8}},"28":{"start":{"line":50,"column":6},"end":{"line":57,"column":7}},"29":{"start":{"line":51,"column":21},"end":{"line":51,"column":37}},"30":{"start":{"line":52,"column":8},"end":{"line":52,"column":39}},"31":{"start":{"line":53,"column":8},"end":{"line":53,"column":22}},"32":{"start":{"line":55,"column":21},"end":{"line":55,"column":37}},"33":{"start":{"line":56,"column":8},"end":{"line":56,"column":45}},"34":{"start":{"line":59,"column":6},"end":{"line":59,"column":31}},"35":{"start":{"line":61,"column":4},"end":{"line":61,"column":25}},"36":{"start":{"line":64,"column":2},"end":{"line":130,"column":4}},"37":{"start":{"line":114,"column":35},"end":{"line":114,"column":63}},"38":{"start":{"line":117,"column":35},"end":{"line":117,"column":54}}},"fnMap":{"0":{"name":"(anonymous_0)","decl":{"start":{"line":13,"column":14},"end":{"line":13,"column":15}},"loc":{"start":{"line":13,"column":20},"end":{"line":131,"column":1}},"line":13},"1":{"name":"(anonymous_1)","decl":{"start":{"line":20,"column":23},"end":{"line":20,"column":24}},"loc":{"start":{"line":20,"column":34},"end":{"line":26,"column":3}},"line":20},"2":{"name":"(anonymous_2)","decl":{"start":{"line":20,"column":34},"end":{"line":20,"column":35}},"loc":{"start":{"line":20,"column":41},"end":{"line":26,"column":3}},"line":20},"3":{"name":"(anonymous_3)","decl":{"start":{"line":21,"column":12},"end":{"line":21,"column":13}},"loc":{"start":{"line":21,"column":23},"end":{"line":25,"column":5}},"line":21},"4":{"name":"(anonymous_4)","decl":{"start":{"line":28,"column":19},"end":{"line":28,"column":20}},"loc":{"start":{"line":28,"column":25},"end":{"line":33,"column":3}},"line":28},"5":{"name":"(anonymous_5)","decl":{"start":{"line":35,"column":23},"end":{"line":35,"column":24}},"loc":{"start":{"line":35,"column":36},"end":{"line":62,"column":3}},"line":35},"6":{"name":"(anonymous_6)","decl":{"start":{"line":40,"column":14},"end":{"line":40,"column":15}},"loc":{"start":{"line":40,"column":25},"end":{"line":40,"column":44}},"line":40},"7":{"name":"(anonymous_7)","decl":{"start":{"line":114,"column":29},"end":{"line":114,"column":30}},"loc":{"start":{"line":114,"column":35},"end":{"line":114,"column":63}},"line":114},"8":{"name":"(anonymous_8)","decl":{"start":{"line":117,"column":29},"end":{"line":117,"column":30}},"loc":{"start":{"line":117,"column":35},"end":{"line":117,"column":54}},"line":117}},"branchMap":{"0":{"loc":{"start":{"line":30,"column":4},"end":{"line":30,"column":63}},"type":"if","locations":[{"start":{"line":30,"column":4},"end":{"line":30,"column":63}},{"start":{},"end":{}}],"line":30},"1":{"loc":{"start":{"line":31,"column":4},"end":{"line":31,"column":72}},"type":"if","locations":[{"start":{"line":31,"column":4},"end":{"line":31,"column":72}},{"start":{},"end":{}}],"line":31},"2":{"loc":{"start":{"line":39,"column":4},"end":{"line":42,"column":5}},"type":"if","locations":[{"start":{"line":39,"column":4},"end":{"line":42,"column":5}},{"start":{},"end":{}}],"line":39},"3":{"loc":{"start":{"line":50,"column":6},"end":{"line":57,"column":7}},"type":"if","locations":[{"start":{"line":50,"column":6},"end":{"line":57,"column":7}},{"start":{"line":54,"column":13},"end":{"line":57,"column":7}}],"line":50},"4":{"loc":{"start":{"line":56,"column":17},"end":{"line":56,"column":43}},"type":"binary-expr","locations":[{"start":{"line":56,"column":17},"end":{"line":56,"column":25}},{"start":{"line":56,"column":29},"end":{"line":56,"column":43}}],"line":56},"5":{"loc":{"start":{"line":122,"column":15},"end":{"line":122,"column":53}},"type":"cond-expr","locations":[{"start":{"line":122,"column":28},"end":{"line":122,"column":43}},{"start":{"line":122,"column":46},"end":{"line":122,"column":53}}],"line":122},"6":{"loc":{"start":{"line":124,"column":13},"end":{"line":124,"column":79}},"type":"binary-expr","locations":[{"start":{"line":124,"column":13},"end":{"line":124,"column":18}},{"start":{"line":124,"column":22},"end":{"line":124,"column":79}}],"line":124}},"s":{"0":1,"1":5,"2":5,"3":5,"4":5,"5":5,"6":5,"7":10,"8":2,"9":2,"10":5,"11":1,"12":1,"13":0,"14":1,"15":0,"16":1,"17":5,"18":1,"19":1,"20":1,"21":1,"22":0,"23":0,"24":0,"25":1,"26":1,"27":1,"28":1,"29":1,"30":1,"31":1,"32":0,"33":0,"34":0,"35":1,"36":5,"37":0,"38":0},"f":{"0":5,"1":10,"2":2,"3":2,"4":1,"5":1,"6":0,"7":0,"8":0},"b":{"0":[0,1],"1":[0,1],"2":[0,1],"3":[1,0],"4":[0,0],"5":[1,4],"6":[5,0]},"_coverageSchema":"1a1c01bbd47fc00a2c39e90264f33305004495a9","hash":"bf590bd2f9f32d33674c30de4e60721124f4ac8b"}
,"/Users/virajparekh/Projects/campusbuddy/campusbuddy/src/components/auth/ProtectedRoute.jsx": {"path":"/Users/virajparekh/Projects/campusbuddy/campusbuddy/src/components/auth/ProtectedRoute.jsx","statementMap":{"0":{"start":{"line":4,"column":23},"end":{"line":25,"column":1}},"1":{"start":{"line":5,"column":2},"end":{"line":7,"column":3}},"2":{"start":{"line":6,"column":4},"end":{"line":6,"column":36}},"3":{"start":{"line":8,"column":2},"end":{"line":11,"column":3}},"4":{"start":{"line":9,"column":4},"end":{"line":9,"column":55}},"5":{"start":{"line":10,"column":4},"end":{"line":10,"column":38}},"6":{"start":{"line":12,"column":2},"end":{"line":15,"column":3}},"7":{"start":{"line":13,"column":4},"end":{"line":13,"column":57}},"8":{"start":{"line":14,"column":4},"end":{"line":14,"column":40}},"9":{"start":{"line":16,"column":2},"end":{"line":23,"column":3}},"10":{"start":{"line":17,"column":22},"end":{"line":17,"column":36}},"11":{"start":{"line":18,"column":19},"end":{"line":18,"column":75}},"12":{"start":{"line":19,"column":16},"end":{"line":19,"column":26}},"13":{"start":{"line":20,"column":4},"end":{"line":22,"column":5}},"14":{"start":{"line":21,"column":6},"end":{"line":21,"column":156}},"15":{"start":{"line":24,"column":2},"end":{"line":24,"column":18}}},"fnMap":{"0":{"name":"(anonymous_0)","decl":{"start":{"line":4,"column":23},"end":{"line":4,"column":24}},"loc":{"start":{"line":4,"column":77},"end":{"line":25,"column":1}},"line":4}},"branchMap":{"0":{"loc":{"start":{"line":5,"column":2},"end":{"line":7,"column":3}},"type":"if","locations":[{"start":{"line":5,"column":2},"end":{"line":7,"column":3}},{"start":{},"end":{}}],"line":5},"1":{"loc":{"start":{"line":8,"column":2},"end":{"line":11,"column":3}},"type":"if","locations":[{"start":{"line":8,"column":2},"end":{"line":11,"column":3}},{"start":{},"end":{}}],"line":8},"2":{"loc":{"start":{"line":12,"column":2},"end":{"line":15,"column":3}},"type":"if","locations":[{"start":{"line":12,"column":2},"end":{"line":15,"column":3}},{"start":{},"end":{}}],"line":12},"3":{"loc":{"start":{"line":12,"column":6},"end":{"line":12,"column":48}},"type":"binary-expr","locations":[{"start":{"line":12,"column":6},"end":{"line":12,"column":18}},{"start":{"line":12,"column":22},"end":{"line":12,"column":48}}],"line":12},"4":{"loc":{"start":{"line":16,"column":2},"end":{"line":23,"column":3}},"type":"if","locations":[{"start":{"line":16,"column":2},"end":{"line":23,"column":3}},{"start":{},"end":{}}],"line":16},"5":{"loc":{"start":{"line":18,"column":19},"end":{"line":18,"column":75}},"type":"cond-expr","locations":[{"start":{"line":18,"column":40},"end":{"line":18,"column":68}},{"start":{"line":18,"column":71},"end":{"line":18,"column":75}}],"line":18},"6":{"loc":{"start":{"line":20,"column":4},"end":{"line":22,"column":5}},"type":"if","locations":[{"start":{"line":20,"column":4},"end":{"line":22,"column":5}},{"start":{},"end":{}}],"line":20},"7":{"loc":{"start":{"line":20,"column":8},"end":{"line":20,"column":45}},"type":"binary-expr","locations":[{"start":{"line":20,"column":8},"end":{"line":20,"column":18}},{"start":{"line":20,"column":22},"end":{"line":20,"column":29}},{"start":{"line":20,"column":33},"end":{"line":20,"column":45}}],"line":20}},"s":{"0":1,"1":4,"2":0,"3":4,"4":1,"5":1,"6":3,"7":1,"8":1,"9":2,"10":2,"11":2,"12":2,"13":2,"14":1,"15":1},"f":{"0":4},"b":{"0":[0,4],"1":[1,3],"2":[1,2],"3":[3,2],"4":[2,0],"5":[1,1],"6":[1,1],"7":[2,1,1]},"_coverageSchema":"1a1c01bbd47fc00a2c39e90264f33305004495a9","hash":"05b0c2356c251f8296112d7c8fdbc52d70ebc612"}
,"/Users/virajparekh/Projects/campusbuddy/campusbuddy/src/components/auth/Signup.jsx": {"path":"/Users/virajparekh/Projects/campusbuddy/campusbuddy/src/components/auth/Signup.jsx","statementMap":{"0":{"start":{"line":12,"column":15},"end":{"line":220,"column":1}},"1":{"start":{"line":13,"column":26},"end":{"line":21,"column":4}},"2":{"start":{"line":22,"column":19},"end":{"line":25,"column":3}},"3":{"start":{"line":26,"column":38},"end":{"line":26,"column":53}},"4":{"start":{"line":27,"column":28},"end":{"line":27,"column":40}},"5":{"start":{"line":28,"column":32},"end":{"line":28,"column":44}},"6":{"start":{"line":29,"column":19},"end":{"line":29,"column":32}},"7":{"start":{"line":31,"column":23},"end":{"line":37,"column":3}},"8":{"start":{"line":31,"column":34},"end":{"line":37,"column":3}},"9":{"start":{"line":32,"column":4},"end":{"line":36,"column":8}},"10":{"start":{"line":32,"column":23},"end":{"line":36,"column":5}},"11":{"start":{"line":39,"column":19},"end":{"line":55,"column":3}},"12":{"start":{"line":40,"column":19},"end":{"line":40,"column":21}},"13":{"start":{"line":41,"column":4},"end":{"line":41,"column":60}},"14":{"start":{"line":41,"column":27},"end":{"line":41,"column":60}},"15":{"start":{"line":42,"column":4},"end":{"line":46,"column":5}},"16":{"start":{"line":43,"column":6},"end":{"line":43,"column":41}},"17":{"start":{"line":44,"column":11},"end":{"line":46,"column":5}},"18":{"start":{"line":45,"column":6},"end":{"line":45,"column":45}},"19":{"start":{"line":47,"column":4},"end":{"line":51,"column":5}},"20":{"start":{"line":48,"column":6},"end":{"line":48,"column":47}},"21":{"start":{"line":49,"column":11},"end":{"line":51,"column":5}},"22":{"start":{"line":50,"column":6},"end":{"line":50,"column":65}},"23":{"start":{"line":52,"column":4},"end":{"line":52,"column":76}},"24":{"start":{"line":52,"column":32},"end":{"line":52,"column":76}},"25":{"start":{"line":53,"column":4},"end":{"line":53,"column":69}},"26":{"start":{"line":53,"column":23},"end":{"line":53,"column":69}},"27":{"start":{"line":54,"column":4},"end":{"line":54,"column":18}},"28":{"start":{"line":57,"column":23},"end":{"line":97,"column":3}},"29":{"start":{"line":58,"column":4},"end":{"line":58,"column":23}},"30":{"start":{"line":59,"column":4},"end":{"line":59,"column":17}},"31":{"start":{"line":60,"column":4},"end":{"line":60,"column":19}},"32":{"start":{"line":61,"column":19},"end":{"line":61,"column":29}},"33":{"start":{"line":62,"column":4},"end":{"line":65,"column":5}},"34":{"start":{"line":63,"column":6},"end":{"line":63,"column":47}},"35":{"start":{"line":63,"column":25},"end":{"line":63,"column":44}},"36":{"start":{"line":64,"column":6},"end":{"line":64,"column":13}},"37":{"start":{"line":66,"column":4},"end":{"line":66,"column":24}},"38":{"start":{"line":67,"column":4},"end":{"line":95,"column":5}},"39":{"start":{"line":68,"column":30},"end":{"line":68,"column":72}},"40":{"start":{"line":68,"column":49},"end":{"line":68,"column":71}},"41":{"start":{"line":69,"column":25},"end":{"line":71,"column":14}},"42":{"start":{"line":72,"column":22},"end":{"line":78,"column":7}},"43":{"start":{"line":79,"column":18},"end":{"line":83,"column":8}},"44":{"start":{"line":84,"column":6},"end":{"line":92,"column":7}},"45":{"start":{"line":85,"column":8},"end":{"line":85,"column":73}},"46":{"start":{"line":86,"column":8},"end":{"line":86,"column":21}},"47":{"start":{"line":87,"column":8},"end":{"line":87,"column":51}},"48":{"start":{"line":87,"column":25},"end":{"line":87,"column":43}},"49":{"start":{"line":89,"column":21},"end":{"line":89,"column":37}},"50":{"start":{"line":90,"column":8},"end":{"line":90,"column":62}},"51":{"start":{"line":91,"column":8},"end":{"line":91,"column":23}},"52":{"start":{"line":94,"column":6},"end":{"line":94,"column":32}},"53":{"start":{"line":96,"column":4},"end":{"line":96,"column":25}},"54":{"start":{"line":99,"column":2},"end":{"line":219,"column":4}},"55":{"start":{"line":191,"column":22},"end":{"line":193,"column":33}},"56":{"start":{"line":205,"column":35},"end":{"line":205,"column":53}}},"fnMap":{"0":{"name":"(anonymous_0)","decl":{"start":{"line":12,"column":15},"end":{"line":12,"column":16}},"loc":{"start":{"line":12,"column":21},"end":{"line":220,"column":1}},"line":12},"1":{"name":"(anonymous_1)","decl":{"start":{"line":31,"column":23},"end":{"line":31,"column":24}},"loc":{"start":{"line":31,"column":34},"end":{"line":37,"column":3}},"line":31},"2":{"name":"(anonymous_2)","decl":{"start":{"line":31,"column":34},"end":{"line":31,"column":35}},"loc":{"start":{"line":31,"column":41},"end":{"line":37,"column":3}},"line":31},"3":{"name":"(anonymous_3)","decl":{"start":{"line":32,"column":12},"end":{"line":32,"column":13}},"loc":{"start":{"line":32,"column":23},"end":{"line":36,"column":5}},"line":32},"4":{"name":"(anonymous_4)","decl":{"start":{"line":39,"column":19},"end":{"line":39,"column":20}},"loc":{"start":{"line":39,"column":25},"end":{"line":55,"column":3}},"line":39},"5":{"name":"(anonymous_5)","decl":{"start":{"line":57,"column":23},"end":{"line":57,"column":24}},"loc":{"start":{"line":57,"column":36},"end":{"line":97,"column":3}},"line":57},"6":{"name":"(anonymous_6)","decl":{"start":{"line":63,"column":14},"end":{"line":63,"column":15}},"loc":{"start":{"line":63,"column":25},"end":{"line":63,"column":44}},"line":63},"7":{"name":"(anonymous_7)","decl":{"start":{"line":68,"column":44},"end":{"line":68,"column":45}},"loc":{"start":{"line":68,"column":49},"end":{"line":68,"column":71}},"line":68},"8":{"name":"(anonymous_8)","decl":{"start":{"line":87,"column":19},"end":{"line":87,"column":20}},"loc":{"start":{"line":87,"column":25},"end":{"line":87,"column":43}},"line":87},"9":{"name":"(anonymous_9)","decl":{"start":{"line":190,"column":34},"end":{"line":190,"column":35}},"loc":{"start":{"line":191,"column":22},"end":{"line":193,"column":33}},"line":191},"10":{"name":"(anonymous_10)","decl":{"start":{"line":205,"column":29},"end":{"line":205,"column":30}},"loc":{"start":{"line":205,"column":35},"end":{"line":205,"column":53}},"line":205}},"branchMap":{"0":{"loc":{"start":{"line":41,"column":4},"end":{"line":41,"column":60}},"type":"if","locations":[{"start":{"line":41,"column":4},"end":{"line":41,"column":60}},{"start":{},"end":{}}],"line":41},"1":{"loc":{"start":{"line":42,"column":4},"end":{"line":46,"column":5}},"type":"if","locations":[{"start":{"line":42,"column":4},"end":{"line":46,"column":5}},{"start":{"line":44,"column":11},"end":{"line":46,"column":5}}],"line":42},"2":{"loc":{"start":{"line":44,"column":11},"end":{"line":46,"column":5}},"type":"if","locations":[{"start":{"line":44,"column":11},"end":{"line":46,"column":5}},{"start":{},"end":{}}],"line":44},"3":{"loc":{"start":{"line":47,"column":4},"end":{"line":51,"column":5}},"type":"if","locations":[{"start":{"line":47,"column":4},"end":{"line":51,"column":5}},{"start":{"line":49,"column":11},"end":{"line":51,"column":5}}],"line":47},"4":{"loc":{"start":{"line":49,"column":11},"end":{"line":51,"column":5}},"type":"if","locations":[{"start":{"line":49,"column":11},"end":{"line":51,"column":5}},{"start":{},"end":{}}],"line":49},"5":{"loc":{"start":{"line":52,"column":4},"end":{"line":52,"column":76}},"type":"if","locations":[{"start":{"line":52,"column":4},"end":{"line":52,"column":76}},{"start":{},"end":{}}],"line":52},"6":{"loc":{"start":{"line":53,"column":4},"end":{"line":53,"column":69}},"type":"if","locations":[{"start":{"line":53,"column":4},"end":{"line":53,"column":69}},{"start":{},"end":{}}],"line":53},"7":{"loc":{"start":{"line":62,"column":4},"end":{"line":65,"column":5}},"type":"if","locations":[{"start":{"line":62,"column":4},"end":{"line":65,"column":5}},{"start":{},"end":{}}],"line":62},"8":{"loc":{"start":{"line":69,"column":25},"end":{"line":71,"column":14}},"type":"cond-expr","locations":[{"start":{"line":70,"column":10},"end":{"line":70,"column":104}},{"start":{"line":71,"column":10},"end":{"line":71,"column":14}}],"line":69},"9":{"loc":{"start":{"line":84,"column":6},"end":{"line":92,"column":7}},"type":"if","locations":[{"start":{"line":84,"column":6},"end":{"line":92,"column":7}},{"start":{"line":88,"column":13},"end":{"line":92,"column":7}}],"line":84},"10":{"loc":{"start":{"line":90,"column":17},"end":{"line":90,"column":60}},"type":"binary-expr","locations":[{"start":{"line":90,"column":17},"end":{"line":90,"column":29}},{"start":{"line":90,"column":33},"end":{"line":90,"column":41}},{"start":{"line":90,"column":45},"end":{"line":90,"column":60}}],"line":90},"11":{"loc":{"start":{"line":196,"column":19},"end":{"line":200,"column":19}},"type":"binary-expr","locations":[{"start":{"line":196,"column":19},"end":{"line":196,"column":38}},{"start":{"line":197,"column":20},"end":{"line":199,"column":33}}],"line":196},"12":{"loc":{"start":{"line":210,"column":15},"end":{"line":210,"column":55}},"type":"cond-expr","locations":[{"start":{"line":210,"column":28},"end":{"line":210,"column":43}},{"start":{"line":210,"column":46},"end":{"line":210,"column":55}}],"line":210},"13":{"loc":{"start":{"line":212,"column":13},"end":{"line":212,"column":79}},"type":"binary-expr","locations":[{"start":{"line":212,"column":13},"end":{"line":212,"column":18}},{"start":{"line":212,"column":22},"end":{"line":212,"column":79}}],"line":212},"14":{"loc":{"start":{"line":213,"column":13},"end":{"line":213,"column":85}},"type":"binary-expr","locations":[{"start":{"line":213,"column":13},"end":{"line":213,"column":20}},{"start":{"line":213,"column":24},"end":{"line":213,"column":85}}],"line":213}},"s":{"0":1,"1":8,"2":8,"3":8,"4":8,"5":8,"6":8,"7":8,"8":40,"9":5,"10":5,"11":8,"12":1,"13":1,"14":0,"15":1,"16":0,"17":1,"18":0,"19":1,"20":0,"21":1,"22":0,"23":1,"24":0,"25":1,"26":0,"27":1,"28":8,"29":1,"30":1,"31":1,"32":1,"33":1,"34":0,"35":0,"36":0,"37":1,"38":1,"39":1,"40":1,"41":1,"42":1,"43":1,"44":1,"45":1,"46":1,"47":1,"48":0,"49":0,"50":0,"51":0,"52":0,"53":1,"54":8,"55":16,"56":0},"f":{"0":8,"1":40,"2":5,"3":5,"4":1,"5":1,"6":0,"7":1,"8":0,"9":16,"10":0},"b":{"0":[0,1],"1":[0,1],"2":[0,1],"3":[0,1],"4":[0,1],"5":[0,1],"6":[0,1],"7":[0,1],"8":[1,0],"9":[1,0],"10":[0,0,0],"11":[8,0],"12":[1,7],"13":[8,0],"14":[8,1]},"_coverageSchema":"1a1c01bbd47fc00a2c39e90264f33305004495a9","hash":"209efc7ab632e9237d9f4b708b8dd41e4d9facc0"}
,"/Users/virajparekh/Projects/campusbuddy/campusbuddy/src/components/common/CampusBuddyLogo.jsx": {"path":"/Users/virajparekh/Projects/campusbuddy/campusbuddy/src/components/common/CampusBuddyLogo.jsx","statementMap":{"0":{"start":{"line":3,"column":24},"end":{"line":16,"column":1}},"1":{"start":{"line":4,"column":2},"end":{"line":15,"column":4}}},"fnMap":{"0":{"name":"(anonymous_0)","decl":{"start":{"line":3,"column":24},"end":{"line":3,"column":25}},"loc":{"start":{"line":4,"column":2},"end":{"line":15,"column":4}},"line":4}},"branchMap":{"0":{"loc":{"start":{"line":3,"column":42},"end":{"line":3,"column":52}},"type":"default-arg","locations":[{"start":{"line":3,"column":50},"end":{"line":3,"column":52}}],"line":3},"1":{"loc":{"start":{"line":9,"column":16},"end":{"line":9,"column":32}},"type":"binary-expr","locations":[{"start":{"line":9,"column":16},"end":{"line":9,"column":21}},{"start":{"line":9,"column":25},"end":{"line":9,"column":32}}],"line":9},"2":{"loc":{"start":{"line":10,"column":14},"end":{"line":10,"column":30}},"type":"binary-expr","locations":[{"start":{"line":10,"column":14},"end":{"line":10,"column":20}},{"start":{"line":10,"column":24},"end":{"line":10,"column":30}}],"line":10}},"s":{"0":2,"1":26},"f":{"0":26},"b":{"0":[0],"1":[26,13],"2":[26,13]},"_coverageSchema":"1a1c01bbd47fc00a2c39e90264f33305004495a9","hash":"b77ae6371e7ed7d66af371a619b3e7004fb2339e"}
,"/Users/virajparekh/Projects/campusbuddy/campusbuddy/src/components/common/Footer.jsx": {"path":"/Users/virajparekh/Projects/campusbuddy/campusbuddy/src/components/common/Footer.jsx","statementMap":{"0":{"start":{"line":3,"column":15},"end":{"line":16,"column":1}},"1":{"start":{"line":4,"column":2},"end":{"line":15,"column":11}}},"fnMap":{"0":{"name":"(anonymous_0)","decl":{"start":{"line":3,"column":15},"end":{"line":3,"column":16}},"loc":{"start":{"line":4,"column":2},"end":{"line":15,"column":11}},"line":4}},"branchMap":{},"s":{"0":2,"1":13},"f":{"0":13},"b":{},"_coverageSchema":"1a1c01bbd47fc00a2c39e90264f33305004495a9","hash":"fdda15c5d8c8ab42c4aeef6c632148eb36ec37c4"}
,"/Users/virajparekh/Projects/campusbuddy/campusbuddy/src/components/common/FormField.jsx": {"path":"/Users/virajparekh/Projects/campusbuddy/campusbuddy/src/components/common/FormField.jsx","statementMap":{"0":{"start":{"line":4,"column":18},"end":{"line":25,"column":1}},"1":{"start":{"line":13,"column":2},"end":{"line":24,"column":4}}},"fnMap":{"0":{"name":"(anonymous_0)","decl":{"start":{"line":4,"column":18},"end":{"line":4,"column":19}},"loc":{"start":{"line":13,"column":2},"end":{"line":24,"column":4}},"line":13}},"branchMap":{"0":{"loc":{"start":{"line":8,"column":2},"end":{"line":8,"column":15}},"type":"default-arg","locations":[{"start":{"line":8,"column":9},"end":{"line":8,"column":15}}],"line":8},"1":{"loc":{"start":{"line":9,"column":2},"end":{"line":9,"column":15}},"type":"default-arg","locations":[{"start":{"line":9,"column":10},"end":{"line":9,"column":15}}],"line":9},"2":{"loc":{"start":{"line":10,"column":2},"end":{"line":10,"column":17}},"type":"default-arg","locations":[{"start":{"line":10,"column":15},"end":{"line":10,"column":17}}],"line":10}},"s":{"0":2,"1":42},"f":{"0":42},"b":{"0":[16],"1":[0],"2":[42]},"_coverageSchema":"1a1c01bbd47fc00a2c39e90264f33305004495a9","hash":"6fb6903a6f82b8f01b8d212eb56afbfaf49f6351"}
,"/Users/virajparekh/Projects/campusbuddy/campusbuddy/src/components/common/Header.jsx": {"path":"/Users/virajparekh/Projects/campusbuddy/campusbuddy/src/components/common/Header.jsx","statementMap":{"0":{"start":{"line":24,"column":22},"end":{"line":24,"column":24}},"1":{"start":{"line":26,"column":15},"end":{"line":411,"column":1}},"2":{"start":{"line":27,"column":28},"end":{"line":27,"column":51}},"3":{"start":{"line":28,"column":34},"end":{"line":28,"column":48}},"4":{"start":{"line":29,"column":50},"end":{"line":29,"column":64}},"5":{"start":{"line":30,"column":56},"end":{"line":30,"column":70}},"6":{"start":{"line":31,"column":38},"end":{"line":31,"column":52}},"7":{"start":{"line":32,"column":48},"end":{"line":32,"column":62}},"8":{"start":{"line":33,"column":38},"end":{"line":33,"column":53}},"9":{"start":{"line":34,"column":42},"end":{"line":34,"column":57}},"10":{"start":{"line":35,"column":48},"end":{"line":35,"column":63}},"11":{"start":{"line":36,"column":30},"end":{"line":36,"column":45}},"12":{"start":{"line":37,"column":40},"end":{"line":37,"column":55}},"13":{"start":{"line":38,"column":19},"end":{"line":38,"column":32}},"14":{"start":{"line":40,"column":16},"end":{"line":40,"column":26}},"15":{"start":{"line":41,"column":19},"end":{"line":41,"column":62}},"16":{"start":{"line":43,"column":27},"end":{"line":43,"column":70}},"17":{"start":{"line":43,"column":38},"end":{"line":43,"column":70}},"18":{"start":{"line":44,"column":27},"end":{"line":44,"column":50}},"19":{"start":{"line":44,"column":33},"end":{"line":44,"column":50}},"20":{"start":{"line":46,"column":15},"end":{"line":46,"column":32}},"21":{"start":{"line":48,"column":22},"end":{"line":94,"column":3}},"22":{"start":{"line":96,"column":2},"end":{"line":116,"column":3}},"23":{"start":{"line":97,"column":4},"end":{"line":115,"column":6}},"24":{"start":{"line":118,"column":2},"end":{"line":138,"column":3}},"25":{"start":{"line":119,"column":4},"end":{"line":137,"column":6}},"26":{"start":{"line":140,"column":2},"end":{"line":410,"column":4}},"27":{"start":{"line":150,"column":66},"end":{"line":150,"column":85}},"28":{"start":{"line":153,"column":67},"end":{"line":153,"column":87}},"29":{"start":{"line":154,"column":81},"end":{"line":154,"column":101}},"30":{"start":{"line":157,"column":20},"end":{"line":177,"column":21}},"31":{"start":{"line":159,"column":57},"end":{"line":159,"column":77}},"32":{"start":{"line":159,"column":78},"end":{"line":159,"column":103}},"33":{"start":{"line":166,"column":30},"end":{"line":168,"column":41}},"34":{"start":{"line":189,"column":33},"end":{"line":189,"column":69}},"35":{"start":{"line":190,"column":34},"end":{"line":190,"column":59}},"36":{"start":{"line":206,"column":31},"end":{"line":206,"column":56}},"37":{"start":{"line":208,"column":38},"end":{"line":208,"column":63}},"38":{"start":{"line":214,"column":86},"end":{"line":214,"column":111}},"39":{"start":{"line":217,"column":86},"end":{"line":217,"column":111}},"40":{"start":{"line":220,"column":89},"end":{"line":220,"column":114}},"41":{"start":{"line":226,"column":33},"end":{"line":226,"column":72}},"42":{"start":{"line":227,"column":34},"end":{"line":227,"column":62}},"43":{"start":{"line":243,"column":31},"end":{"line":243,"column":59}},"44":{"start":{"line":245,"column":38},"end":{"line":245,"column":66}},"45":{"start":{"line":251,"column":82},"end":{"line":251,"column":110}},"46":{"start":{"line":254,"column":87},"end":{"line":254,"column":115}},"47":{"start":{"line":257,"column":93},"end":{"line":257,"column":121}},"48":{"start":{"line":284,"column":33},"end":{"line":284,"column":63}},"49":{"start":{"line":285,"column":34},"end":{"line":285,"column":53}},"50":{"start":{"line":301,"column":31},"end":{"line":301,"column":50}},"51":{"start":{"line":303,"column":38},"end":{"line":303,"column":57}},"52":{"start":{"line":309,"column":80},"end":{"line":309,"column":99}},"53":{"start":{"line":312,"column":77},"end":{"line":312,"column":96}},"54":{"start":{"line":315,"column":85},"end":{"line":315,"column":104}},"55":{"start":{"line":318,"column":83},"end":{"line":318,"column":102}},"56":{"start":{"line":324,"column":33},"end":{"line":324,"column":68}},"57":{"start":{"line":325,"column":34},"end":{"line":325,"column":58}},"58":{"start":{"line":341,"column":31},"end":{"line":341,"column":55}},"59":{"start":{"line":343,"column":38},"end":{"line":343,"column":62}},"60":{"start":{"line":349,"column":83},"end":{"line":349,"column":107}},"61":{"start":{"line":352,"column":86},"end":{"line":352,"column":110}},"62":{"start":{"line":355,"column":84},"end":{"line":355,"column":108}},"63":{"start":{"line":358,"column":86},"end":{"line":358,"column":110}},"64":{"start":{"line":401,"column":43},"end":{"line":401,"column":63}},"65":{"start":{"line":401,"column":64},"end":{"line":401,"column":83}},"66":{"start":{"line":401,"column":84},"end":{"line":401,"column":103}}},"fnMap":{"0":{"name":"(anonymous_0)","decl":{"start":{"line":26,"column":15},"end":{"line":26,"column":16}},"loc":{"start":{"line":26,"column":21},"end":{"line":411,"column":1}},"line":26},"1":{"name":"(anonymous_1)","decl":{"start":{"line":43,"column":27},"end":{"line":43,"column":28}},"loc":{"start":{"line":43,"column":38},"end":{"line":43,"column":70}},"line":43},"2":{"name":"(anonymous_2)","decl":{"start":{"line":44,"column":27},"end":{"line":44,"column":28}},"loc":{"start":{"line":44,"column":33},"end":{"line":44,"column":50}},"line":44},"3":{"name":"(anonymous_3)","decl":{"start":{"line":150,"column":60},"end":{"line":150,"column":61}},"loc":{"start":{"line":150,"column":66},"end":{"line":150,"column":85}},"line":150},"4":{"name":"(anonymous_4)","decl":{"start":{"line":153,"column":61},"end":{"line":153,"column":62}},"loc":{"start":{"line":153,"column":67},"end":{"line":153,"column":87}},"line":153},"5":{"name":"(anonymous_5)","decl":{"start":{"line":154,"column":75},"end":{"line":154,"column":76}},"loc":{"start":{"line":154,"column":81},"end":{"line":154,"column":101}},"line":154},"6":{"name":"(anonymous_6)","decl":{"start":{"line":156,"column":35},"end":{"line":156,"column":36}},"loc":{"start":{"line":157,"column":20},"end":{"line":177,"column":21}},"line":157},"7":{"name":"(anonymous_7)","decl":{"start":{"line":159,"column":50},"end":{"line":159,"column":51}},"loc":{"start":{"line":159,"column":55},"end":{"line":159,"column":105}},"line":159},"8":{"name":"(anonymous_8)","decl":{"start":{"line":165,"column":47},"end":{"line":165,"column":48}},"loc":{"start":{"line":166,"column":30},"end":{"line":168,"column":41}},"line":166},"9":{"name":"(anonymous_9)","decl":{"start":{"line":189,"column":28},"end":{"line":189,"column":29}},"loc":{"start":{"line":189,"column":33},"end":{"line":189,"column":69}},"line":189},"10":{"name":"(anonymous_10)","decl":{"start":{"line":190,"column":28},"end":{"line":190,"column":29}},"loc":{"start":{"line":190,"column":34},"end":{"line":190,"column":59}},"line":190},"11":{"name":"(anonymous_11)","decl":{"start":{"line":206,"column":25},"end":{"line":206,"column":26}},"loc":{"start":{"line":206,"column":31},"end":{"line":206,"column":56}},"line":206},"12":{"name":"(anonymous_12)","decl":{"start":{"line":208,"column":32},"end":{"line":208,"column":33}},"loc":{"start":{"line":208,"column":38},"end":{"line":208,"column":63}},"line":208},"13":{"name":"(anonymous_13)","decl":{"start":{"line":214,"column":80},"end":{"line":214,"column":81}},"loc":{"start":{"line":214,"column":86},"end":{"line":214,"column":111}},"line":214},"14":{"name":"(anonymous_14)","decl":{"start":{"line":217,"column":80},"end":{"line":217,"column":81}},"loc":{"start":{"line":217,"column":86},"end":{"line":217,"column":111}},"line":217},"15":{"name":"(anonymous_15)","decl":{"start":{"line":220,"column":83},"end":{"line":220,"column":84}},"loc":{"start":{"line":220,"column":89},"end":{"line":220,"column":114}},"line":220},"16":{"name":"(anonymous_16)","decl":{"start":{"line":226,"column":28},"end":{"line":226,"column":29}},"loc":{"start":{"line":226,"column":33},"end":{"line":226,"column":72}},"line":226},"17":{"name":"(anonymous_17)","decl":{"start":{"line":227,"column":28},"end":{"line":227,"column":29}},"loc":{"start":{"line":227,"column":34},"end":{"line":227,"column":62}},"line":227},"18":{"name":"(anonymous_18)","decl":{"start":{"line":243,"column":25},"end":{"line":243,"column":26}},"loc":{"start":{"line":243,"column":31},"end":{"line":243,"column":59}},"line":243},"19":{"name":"(anonymous_19)","decl":{"start":{"line":245,"column":32},"end":{"line":245,"column":33}},"loc":{"start":{"line":245,"column":38},"end":{"line":245,"column":66}},"line":245},"20":{"name":"(anonymous_20)","decl":{"start":{"line":251,"column":76},"end":{"line":251,"column":77}},"loc":{"start":{"line":251,"column":82},"end":{"line":251,"column":110}},"line":251},"21":{"name":"(anonymous_21)","decl":{"start":{"line":254,"column":81},"end":{"line":254,"column":82}},"loc":{"start":{"line":254,"column":87},"end":{"line":254,"column":115}},"line":254},"22":{"name":"(anonymous_22)","decl":{"start":{"line":257,"column":87},"end":{"line":257,"column":88}},"loc":{"start":{"line":257,"column":93},"end":{"line":257,"column":121}},"line":257},"23":{"name":"(anonymous_23)","decl":{"start":{"line":284,"column":28},"end":{"line":284,"column":29}},"loc":{"start":{"line":284,"column":33},"end":{"line":284,"column":63}},"line":284},"24":{"name":"(anonymous_24)","decl":{"start":{"line":285,"column":28},"end":{"line":285,"column":29}},"loc":{"start":{"line":285,"column":34},"end":{"line":285,"column":53}},"line":285},"25":{"name":"(anonymous_25)","decl":{"start":{"line":301,"column":25},"end":{"line":301,"column":26}},"loc":{"start":{"line":301,"column":31},"end":{"line":301,"column":50}},"line":301},"26":{"name":"(anonymous_26)","decl":{"start":{"line":303,"column":32},"end":{"line":303,"column":33}},"loc":{"start":{"line":303,"column":38},"end":{"line":303,"column":57}},"line":303},"27":{"name":"(anonymous_27)","decl":{"start":{"line":309,"column":74},"end":{"line":309,"column":75}},"loc":{"start":{"line":309,"column":80},"end":{"line":309,"column":99}},"line":309},"28":{"name":"(anonymous_28)","decl":{"start":{"line":312,"column":71},"end":{"line":312,"column":72}},"loc":{"start":{"line":312,"column":77},"end":{"line":312,"column":96}},"line":312},"29":{"name":"(anonymous_29)","decl":{"start":{"line":315,"column":79},"end":{"line":315,"column":80}},"loc":{"start":{"line":315,"column":85},"end":{"line":315,"column":104}},"line":315},"30":{"name":"(anonymous_30)","decl":{"start":{"line":318,"column":77},"end":{"line":318,"column":78}},"loc":{"start":{"line":318,"column":83},"end":{"line":318,"column":102}},"line":318},"31":{"name":"(anonymous_31)","decl":{"start":{"line":324,"column":28},"end":{"line":324,"column":29}},"loc":{"start":{"line":324,"column":33},"end":{"line":324,"column":68}},"line":324},"32":{"name":"(anonymous_32)","decl":{"start":{"line":325,"column":28},"end":{"line":325,"column":29}},"loc":{"start":{"line":325,"column":34},"end":{"line":325,"column":58}},"line":325},"33":{"name":"(anonymous_33)","decl":{"start":{"line":341,"column":25},"end":{"line":341,"column":26}},"loc":{"start":{"line":341,"column":31},"end":{"line":341,"column":55}},"line":341},"34":{"name":"(anonymous_34)","decl":{"start":{"line":343,"column":32},"end":{"line":343,"column":33}},"loc":{"start":{"line":343,"column":38},"end":{"line":343,"column":62}},"line":343},"35":{"name":"(anonymous_35)","decl":{"start":{"line":349,"column":77},"end":{"line":349,"column":78}},"loc":{"start":{"line":349,"column":83},"end":{"line":349,"column":107}},"line":349},"36":{"name":"(anonymous_36)","decl":{"start":{"line":352,"column":80},"end":{"line":352,"column":81}},"loc":{"start":{"line":352,"column":86},"end":{"line":352,"column":110}},"line":352},"37":{"name":"(anonymous_37)","decl":{"start":{"line":355,"column":78},"end":{"line":355,"column":79}},"loc":{"start":{"line":355,"column":84},"end":{"line":355,"column":108}},"line":355},"38":{"name":"(anonymous_38)","decl":{"start":{"line":358,"column":80},"end":{"line":358,"column":81}},"loc":{"start":{"line":358,"column":86},"end":{"line":358,"column":110}},"line":358},"39":{"name":"(anonymous_39)","decl":{"start":{"line":401,"column":35},"end":{"line":401,"column":36}},"loc":{"start":{"line":401,"column":41},"end":{"line":401,"column":105}},"line":401}},"branchMap":{"0":{"loc":{"start":{"line":96,"column":2},"end":{"line":116,"column":3}},"type":"if","locations":[{"start":{"line":96,"column":2},"end":{"line":116,"column":3}},{"start":{},"end":{}}],"line":96},"1":{"loc":{"start":{"line":118,"column":2},"end":{"line":138,"column":3}},"type":"if","locations":[{"start":{"line":118,"column":2},"end":{"line":138,"column":3}},{"start":{},"end":{}}],"line":118},"2":{"loc":{"start":{"line":148,"column":9},"end":{"line":407,"column":9}},"type":"cond-expr","locations":[{"start":{"line":149,"column":10},"end":{"line":182,"column":13}},{"start":{"line":184,"column":10},"end":{"line":406,"column":16}}],"line":148},"3":{"loc":{"start":{"line":157,"column":20},"end":{"line":177,"column":21}},"type":"cond-expr","locations":[{"start":{"line":158,"column":22},"end":{"line":172,"column":39}},{"start":{"line":174,"column":22},"end":{"line":176,"column":33}}],"line":157},"4":{"loc":{"start":{"line":161,"column":27},"end":{"line":161,"column":70}},"type":"cond-expr","locations":[{"start":{"line":161,"column":39},"end":{"line":161,"column":53}},{"start":{"line":161,"column":56},"end":{"line":161,"column":70}}],"line":161},"5":{"loc":{"start":{"line":196,"column":31},"end":{"line":196,"column":86}},"type":"cond-expr","locations":[{"start":{"line":196,"column":59},"end":{"line":196,"column":74}},{"start":{"line":196,"column":77},"end":{"line":196,"column":86}}],"line":196},"6":{"loc":{"start":{"line":198,"column":31},"end":{"line":198,"column":77}},"type":"cond-expr","locations":[{"start":{"line":198,"column":59},"end":{"line":198,"column":65}},{"start":{"line":198,"column":68},"end":{"line":198,"column":77}}],"line":198},"7":{"loc":{"start":{"line":233,"column":31},"end":{"line":233,"column":92}},"type":"cond-expr","locations":[{"start":{"line":233,"column":62},"end":{"line":233,"column":80}},{"start":{"line":233,"column":83},"end":{"line":233,"column":92}}],"line":233},"8":{"loc":{"start":{"line":235,"column":31},"end":{"line":235,"column":80}},"type":"cond-expr","locations":[{"start":{"line":235,"column":62},"end":{"line":235,"column":68}},{"start":{"line":235,"column":71},"end":{"line":235,"column":80}}],"line":235},"9":{"loc":{"start":{"line":291,"column":31},"end":{"line":291,"column":74}},"type":"cond-expr","locations":[{"start":{"line":291,"column":53},"end":{"line":291,"column":62}},{"start":{"line":291,"column":65},"end":{"line":291,"column":74}}],"line":291},"10":{"loc":{"start":{"line":293,"column":31},"end":{"line":293,"column":71}},"type":"cond-expr","locations":[{"start":{"line":293,"column":53},"end":{"line":293,"column":59}},{"start":{"line":293,"column":62},"end":{"line":293,"column":71}}],"line":293},"11":{"loc":{"start":{"line":331,"column":31},"end":{"line":331,"column":84}},"type":"cond-expr","locations":[{"start":{"line":331,"column":58},"end":{"line":331,"column":72}},{"start":{"line":331,"column":75},"end":{"line":331,"column":84}}],"line":331},"12":{"loc":{"start":{"line":333,"column":31},"end":{"line":333,"column":76}},"type":"cond-expr","locations":[{"start":{"line":333,"column":58},"end":{"line":333,"column":64}},{"start":{"line":333,"column":67},"end":{"line":333,"column":76}}],"line":333},"13":{"loc":{"start":{"line":371,"column":31},"end":{"line":371,"column":64}},"type":"cond-expr","locations":[{"start":{"line":371,"column":38},"end":{"line":371,"column":52}},{"start":{"line":371,"column":55},"end":{"line":371,"column":64}}],"line":371},"14":{"loc":{"start":{"line":373,"column":31},"end":{"line":373,"column":56}},"type":"cond-expr","locations":[{"start":{"line":373,"column":38},"end":{"line":373,"column":44}},{"start":{"line":373,"column":47},"end":{"line":373,"column":56}}],"line":373}},"s":{"0":2,"1":2,"2":13,"3":13,"4":13,"5":13,"6":13,"7":13,"8":13,"9":13,"10":13,"11":13,"12":13,"13":13,"14":13,"15":13,"16":13,"17":0,"18":13,"19":0,"20":13,"21":13,"22":13,"23":13,"24":0,"25":0,"26":0,"27":0,"28":0,"29":0,"30":0,"31":0,"32":0,"33":0,"34":0,"35":0,"36":0,"37":0,"38":0,"39":0,"40":0,"41":0,"42":0,"43":0,"44":0,"45":0,"46":0,"47":0,"48":0,"49":0,"50":0,"51":0,"52":0,"53":0,"54":0,"55":0,"56":0,"57":0,"58":0,"59":0,"60":0,"61":0,"62":0,"63":0,"64":0,"65":0,"66":0},"f":{"0":13,"1":0,"2":0,"3":0,"4":0,"5":0,"6":0,"7":0,"8":0,"9":0,"10":0,"11":0,"12":0,"13":0,"14":0,"15":0,"16":0,"17":0,"18":0,"19":0,"20":0,"21":0,"22":0,"23":0,"24":0,"25":0,"26":0,"27":0,"28":0,"29":0,"30":0,"31":0,"32":0,"33":0,"34":0,"35":0,"36":0,"37":0,"38":0,"39":0},"b":{"0":[13,0],"1":[0,0],"2":[0,0],"3":[0,0],"4":[0,0],"5":[0,0],"6":[0,0],"7":[0,0],"8":[0,0],"9":[0,0],"10":[0,0],"11":[0,0],"12":[0,0],"13":[0,0],"14":[0,0]},"_coverageSchema":"1a1c01bbd47fc00a2c39e90264f33305004495a9","hash":"13e5e9a1e9dcb4893ec38128ff548e8c1f60f206"}
,"/Users/virajparekh/Projects/campusbuddy/campusbuddy/src/components/common/PrimaryButton.jsx": {"path":"/Users/virajparekh/Projects/campusbuddy/campusbuddy/src/components/common/PrimaryButton.jsx","statementMap":{"0":{"start":{"line":4,"column":22},"end":{"line":17,"column":1}},"1":{"start":{"line":8,"column":2},"end":{"line":16,"column":11}}},"fnMap":{"0":{"name":"(anonymous_0)","decl":{"start":{"line":4,"column":22},"end":{"line":4,"column":23}},"loc":{"start":{"line":8,"column":2},"end":{"line":16,"column":11}},"line":8}},"branchMap":{},"s":{"0":2,"1":13},"f":{"0":13},"b":{},"_coverageSchema":"1a1c01bbd47fc00a2c39e90264f33305004495a9","hash":"a6f480f14632eb8798f1fa9521b5b96c2925102f"}
,"/Users/virajparekh/Projects/campusbuddy/campusbuddy/src/context/AuthContext.jsx": {"path":"/Users/virajparekh/Projects/campusbuddy/campusbuddy/src/context/AuthContext.jsx","statementMap":{"0":{"start":{"line":3,"column":27},"end":{"line":3,"column":42}},"1":{"start":{"line":5,"column":28},"end":{"line":38,"column":1}},"2":{"start":{"line":6,"column":26},"end":{"line":6,"column":40}},"3":{"start":{"line":8,"column":2},"end":{"line":21,"column":9}},"4":{"start":{"line":9,"column":18},"end":{"line":9,"column":47}},"5":{"start":{"line":10,"column":4},"end":{"line":20,"column":5}},"6":{"start":{"line":11,"column":6},"end":{"line":19,"column":36}},"7":{"start":{"line":14,"column":21},"end":{"line":14,"column":47}},"8":{"start":{"line":16,"column":10},"end":{"line":17,"column":29}},"9":{"start":{"line":16,"column":33},"end":{"line":16,"column":52}},"10":{"start":{"line":17,"column":15},"end":{"line":17,"column":29}},"11":{"start":{"line":19,"column":21},"end":{"line":19,"column":34}},"12":{"start":{"line":24,"column":26},"end":{"line":31,"column":3}},"13":{"start":{"line":25,"column":4},"end":{"line":25,"column":21}},"14":{"start":{"line":26,"column":4},"end":{"line":30,"column":5}},"15":{"start":{"line":27,"column":6},"end":{"line":27,"column":43}},"16":{"start":{"line":29,"column":6},"end":{"line":29,"column":39}},"17":{"start":{"line":33,"column":2},"end":{"line":37,"column":4}}},"fnMap":{"0":{"name":"(anonymous_0)","decl":{"start":{"line":5,"column":28},"end":{"line":5,"column":29}},"loc":{"start":{"line":5,"column":46},"end":{"line":38,"column":1}},"line":5},"1":{"name":"(anonymous_1)","decl":{"start":{"line":8,"column":12},"end":{"line":8,"column":13}},"loc":{"start":{"line":8,"column":18},"end":{"line":21,"column":3}},"line":8},"2":{"name":"(anonymous_2)","decl":{"start":{"line":14,"column":14},"end":{"line":14,"column":15}},"loc":{"start":{"line":14,"column":21},"end":{"line":14,"column":47}},"line":14},"3":{"name":"(anonymous_3)","decl":{"start":{"line":15,"column":14},"end":{"line":15,"column":15}},"loc":{"start":{"line":15,"column":22},"end":{"line":18,"column":9}},"line":15},"4":{"name":"(anonymous_4)","decl":{"start":{"line":19,"column":15},"end":{"line":19,"column":16}},"loc":{"start":{"line":19,"column":21},"end":{"line":19,"column":34}},"line":19},"5":{"name":"(anonymous_5)","decl":{"start":{"line":24,"column":26},"end":{"line":24,"column":27}},"loc":{"start":{"line":24,"column":46},"end":{"line":31,"column":3}},"line":24}},"branchMap":{"0":{"loc":{"start":{"line":10,"column":4},"end":{"line":20,"column":5}},"type":"if","locations":[{"start":{"line":10,"column":4},"end":{"line":20,"column":5}},{"start":{},"end":{}}],"line":10},"1":{"loc":{"start":{"line":14,"column":21},"end":{"line":14,"column":47}},"type":"cond-expr","locations":[{"start":{"line":14,"column":30},"end":{"line":14,"column":40}},{"start":{"line":14,"column":43},"end":{"line":14,"column":47}}],"line":14},"2":{"loc":{"start":{"line":16,"column":10},"end":{"line":17,"column":29}},"type":"if","locations":[{"start":{"line":16,"column":10},"end":{"line":17,"column":29}},{"start":{"line":17,"column":15},"end":{"line":17,"column":29}}],"line":16},"3":{"loc":{"start":{"line":16,"column":14},"end":{"line":16,"column":31}},"type":"binary-expr","locations":[{"start":{"line":16,"column":14},"end":{"line":16,"column":18}},{"start":{"line":16,"column":22},"end":{"line":16,"column":31}}],"line":16},"4":{"loc":{"start":{"line":26,"column":4},"end":{"line":30,"column":5}},"type":"if","locations":[{"start":{"line":26,"column":4},"end":{"line":30,"column":5}},{"start":{"line":28,"column":11},"end":{"line":30,"column":5}}],"line":26},"5":{"loc":{"start":{"line":26,"column":8},"end":{"line":26,"column":24}},"type":"binary-expr","locations":[{"start":{"line":26,"column":8},"end":{"line":26,"column":15}},{"start":{"line":26,"column":19},"end":{"line":26,"column":24}}],"line":26}},"s":{"0":2,"1":2,"2":0,"3":0,"4":0,"5":0,"6":0,"7":0,"8":0,"9":0,"10":0,"11":0,"12":0,"13":0,"14":0,"15":0,"16":0,"17":0},"f":{"0":0,"1":0,"2":0,"3":0,"4":0,"5":0},"b":{"0":[0,0],"1":[0,0],"2":[0,0],"3":[0,0],"4":[0,0],"5":[0,0]},"_coverageSchema":"1a1c01bbd47fc00a2c39e90264f33305004495a9","hash":"4be376506104aabc0eea106ed4038feeca50c08c"}
}
