TN:
SF:src/components/auth/Login.jsx
FN:13,(anonymous_0)
FN:20,(anonymous_1)
FN:20,(anonymous_2)
FN:21,(anonymous_3)
FN:28,(anonymous_4)
FN:35,(anonymous_5)
FN:40,(anonymous_6)
FN:114,(anonymous_7)
FN:117,(anonymous_8)
FNF:9
FNH:6
FNDA:5,(anonymous_0)
FNDA:10,(anonymous_1)
FNDA:2,(anonymous_2)
FNDA:2,(anonymous_3)
FNDA:1,(anonymous_4)
FNDA:1,(anonymous_5)
FNDA:0,(anonymous_6)
FNDA:0,(anonymous_7)
FNDA:0,(anonymous_8)
DA:13,1
DA:14,5
DA:15,5
DA:16,5
DA:17,5
DA:18,5
DA:20,10
DA:21,2
DA:28,5
DA:29,1
DA:30,1
DA:31,1
DA:32,1
DA:35,5
DA:36,1
DA:37,1
DA:38,1
DA:39,1
DA:40,0
DA:41,0
DA:43,1
DA:44,1
DA:45,1
DA:50,1
DA:51,1
DA:52,1
DA:53,1
DA:55,0
DA:56,0
DA:59,0
DA:61,1
DA:64,5
DA:114,0
DA:117,0
LF:34
LH:27
BRDA:30,0,0,0
BRDA:30,0,1,1
BRDA:31,1,0,0
BRDA:31,1,1,1
BRDA:39,2,0,0
BRDA:39,2,1,1
BRDA:50,3,0,1
BRDA:50,3,1,0
BRDA:56,4,0,0
BRDA:56,4,1,0
BRDA:122,5,0,1
BRDA:122,5,1,4
BRDA:124,6,0,5
BRDA:124,6,1,0
BRF:14
BRH:7
end_of_record
TN:
SF:src/components/auth/ProtectedRoute.jsx
FN:4,(anonymous_0)
FNF:1
FNH:1
FNDA:4,(anonymous_0)
DA:4,1
DA:5,4
DA:6,0
DA:8,4
DA:9,1
DA:10,1
DA:12,3
DA:13,1
DA:14,1
DA:16,2
DA:17,2
DA:18,2
DA:19,2
DA:20,2
DA:21,1
DA:24,1
LF:16
LH:15
BRDA:5,0,0,0
BRDA:5,0,1,4
BRDA:8,1,0,1
BRDA:8,1,1,3
BRDA:12,2,0,1
BRDA:12,2,1,2
BRDA:12,3,0,3
BRDA:12,3,1,2
BRDA:16,4,0,2
BRDA:16,4,1,0
BRDA:18,5,0,1
BRDA:18,5,1,1
BRDA:20,6,0,1
BRDA:20,6,1,1
BRDA:20,7,0,2
BRDA:20,7,1,1
BRDA:20,7,2,1
BRF:17
BRH:15
end_of_record
TN:
SF:src/components/auth/Signup.jsx
FN:12,(anonymous_0)
FN:31,(anonymous_1)
FN:31,(anonymous_2)
FN:32,(anonymous_3)
FN:39,(anonymous_4)
FN:57,(anonymous_5)
FN:63,(anonymous_6)
FN:68,(anonymous_7)
FN:87,(anonymous_8)
FN:190,(anonymous_9)
FN:205,(anonymous_10)
FNF:11
FNH:8
FNDA:8,(anonymous_0)
FNDA:40,(anonymous_1)
FNDA:5,(anonymous_2)
FNDA:5,(anonymous_3)
FNDA:1,(anonymous_4)
FNDA:1,(anonymous_5)
FNDA:0,(anonymous_6)
FNDA:1,(anonymous_7)
FNDA:0,(anonymous_8)
FNDA:16,(anonymous_9)
FNDA:0,(anonymous_10)
DA:12,1
DA:13,8
DA:22,8
DA:26,8
DA:27,8
DA:28,8
DA:29,8
DA:31,40
DA:32,5
DA:39,8
DA:40,1
DA:41,1
DA:42,1
DA:43,0
DA:44,1
DA:45,0
DA:47,1
DA:48,0
DA:49,1
DA:50,0
DA:52,1
DA:53,1
DA:54,1
DA:57,8
DA:58,1
DA:59,1
DA:60,1
DA:61,1
DA:62,1
DA:63,0
DA:64,0
DA:66,1
DA:67,1
DA:68,1
DA:69,1
DA:72,1
DA:79,1
DA:84,1
DA:85,1
DA:86,1
DA:87,1
DA:89,0
DA:90,0
DA:91,0
DA:94,0
DA:96,1
DA:99,8
DA:191,16
DA:205,0
LF:49
LH:38
BRDA:41,0,0,0
BRDA:41,0,1,1
BRDA:42,1,0,0
BRDA:42,1,1,1
BRDA:44,2,0,0
BRDA:44,2,1,1
BRDA:47,3,0,0
BRDA:47,3,1,1
BRDA:49,4,0,0
BRDA:49,4,1,1
BRDA:52,5,0,0
BRDA:52,5,1,1
BRDA:53,6,0,0
BRDA:53,6,1,1
BRDA:62,7,0,0
BRDA:62,7,1,1
BRDA:69,8,0,1
BRDA:69,8,1,0
BRDA:84,9,0,1
BRDA:84,9,1,0
BRDA:90,10,0,0
BRDA:90,10,1,0
BRDA:90,10,2,0
BRDA:196,11,0,8
BRDA:196,11,1,0
BRDA:210,12,0,1
BRDA:210,12,1,7
BRDA:212,13,0,8
BRDA:212,13,1,0
BRDA:213,14,0,8
BRDA:213,14,1,1
BRF:31
BRH:16
end_of_record
TN:
SF:src/components/common/CampusBuddyLogo.jsx
FN:3,(anonymous_0)
FNF:1
FNH:1
FNDA:26,(anonymous_0)
DA:3,2
DA:4,26
LF:2
LH:2
BRDA:3,0,0,0
BRDA:9,1,0,26
BRDA:9,1,1,13
BRDA:10,2,0,26
BRDA:10,2,1,13
BRF:5
BRH:4
end_of_record
TN:
SF:src/components/common/Footer.jsx
FN:3,(anonymous_0)
FNF:1
FNH:1
FNDA:13,(anonymous_0)
DA:3,2
DA:4,13
LF:2
LH:2
BRF:0
BRH:0
end_of_record
TN:
SF:src/components/common/FormField.jsx
FN:4,(anonymous_0)
FNF:1
FNH:1
FNDA:42,(anonymous_0)
DA:4,2
DA:13,42
LF:2
LH:2
BRDA:8,0,0,16
BRDA:9,1,0,0
BRDA:10,2,0,42
BRF:3
BRH:2
end_of_record
TN:
SF:src/components/common/Header.jsx
FN:26,(anonymous_0)
FN:43,(anonymous_1)
FN:44,(anonymous_2)
FN:150,(anonymous_3)
FN:153,(anonymous_4)
FN:154,(anonymous_5)
FN:156,(anonymous_6)
FN:159,(anonymous_7)
FN:165,(anonymous_8)
FN:189,(anonymous_9)
FN:190,(anonymous_10)
FN:206,(anonymous_11)
FN:208,(anonymous_12)
FN:214,(anonymous_13)
FN:217,(anonymous_14)
FN:220,(anonymous_15)
FN:226,(anonymous_16)
FN:227,(anonymous_17)
FN:243,(anonymous_18)
FN:245,(anonymous_19)
FN:251,(anonymous_20)
FN:254,(anonymous_21)
FN:257,(anonymous_22)
FN:284,(anonymous_23)
FN:285,(anonymous_24)
FN:301,(anonymous_25)
FN:303,(anonymous_26)
FN:309,(anonymous_27)
FN:312,(anonymous_28)
FN:315,(anonymous_29)
FN:318,(anonymous_30)
FN:324,(anonymous_31)
FN:325,(anonymous_32)
FN:341,(anonymous_33)
FN:343,(anonymous_34)
FN:349,(anonymous_35)
FN:352,(anonymous_36)
FN:355,(anonymous_37)
FN:358,(anonymous_38)
FN:401,(anonymous_39)
FNF:40
FNH:1
FNDA:13,(anonymous_0)
FNDA:0,(anonymous_1)
FNDA:0,(anonymous_2)
FNDA:0,(anonymous_3)
FNDA:0,(anonymous_4)
FNDA:0,(anonymous_5)
FNDA:0,(anonymous_6)
FNDA:0,(anonymous_7)
FNDA:0,(anonymous_8)
FNDA:0,(anonymous_9)
FNDA:0,(anonymous_10)
FNDA:0,(anonymous_11)
FNDA:0,(anonymous_12)
FNDA:0,(anonymous_13)
FNDA:0,(anonymous_14)
FNDA:0,(anonymous_15)
FNDA:0,(anonymous_16)
FNDA:0,(anonymous_17)
FNDA:0,(anonymous_18)
FNDA:0,(anonymous_19)
FNDA:0,(anonymous_20)
FNDA:0,(anonymous_21)
FNDA:0,(anonymous_22)
FNDA:0,(anonymous_23)
FNDA:0,(anonymous_24)
FNDA:0,(anonymous_25)
FNDA:0,(anonymous_26)
FNDA:0,(anonymous_27)
FNDA:0,(anonymous_28)
FNDA:0,(anonymous_29)
FNDA:0,(anonymous_30)
FNDA:0,(anonymous_31)
FNDA:0,(anonymous_32)
FNDA:0,(anonymous_33)
FNDA:0,(anonymous_34)
FNDA:0,(anonymous_35)
FNDA:0,(anonymous_36)
FNDA:0,(anonymous_37)
FNDA:0,(anonymous_38)
FNDA:0,(anonymous_39)
DA:24,2
DA:26,2
DA:27,13
DA:28,13
DA:29,13
DA:30,13
DA:31,13
DA:32,13
DA:33,13
DA:34,13
DA:35,13
DA:36,13
DA:37,13
DA:38,13
DA:40,13
DA:41,13
DA:43,13
DA:44,13
DA:46,13
DA:48,13
DA:96,13
DA:97,13
DA:118,0
DA:119,0
DA:140,0
DA:150,0
DA:153,0
DA:154,0
DA:157,0
DA:159,0
DA:166,0
DA:189,0
DA:190,0
DA:206,0
DA:208,0
DA:214,0
DA:217,0
DA:220,0
DA:226,0
DA:227,0
DA:243,0
DA:245,0
DA:251,0
DA:254,0
DA:257,0
DA:284,0
DA:285,0
DA:301,0
DA:303,0
DA:309,0
DA:312,0
DA:315,0
DA:318,0
DA:324,0
DA:325,0
DA:341,0
DA:343,0
DA:349,0
DA:352,0
DA:355,0
DA:358,0
DA:401,0
LF:62
LH:22
BRDA:96,0,0,13
BRDA:96,0,1,0
BRDA:118,1,0,0
BRDA:118,1,1,0
BRDA:148,2,0,0
BRDA:148,2,1,0
BRDA:157,3,0,0
BRDA:157,3,1,0
BRDA:161,4,0,0
BRDA:161,4,1,0
BRDA:196,5,0,0
BRDA:196,5,1,0
BRDA:198,6,0,0
BRDA:198,6,1,0
BRDA:233,7,0,0
BRDA:233,7,1,0
BRDA:235,8,0,0
BRDA:235,8,1,0
BRDA:291,9,0,0
BRDA:291,9,1,0
BRDA:293,10,0,0
BRDA:293,10,1,0
BRDA:331,11,0,0
BRDA:331,11,1,0
BRDA:333,12,0,0
BRDA:333,12,1,0
BRDA:371,13,0,0
BRDA:371,13,1,0
BRDA:373,14,0,0
BRDA:373,14,1,0
BRF:30
BRH:1
end_of_record
TN:
SF:src/components/common/PrimaryButton.jsx
FN:4,(anonymous_0)
FNF:1
FNH:1
FNDA:13,(anonymous_0)
DA:4,2
DA:8,13
LF:2
LH:2
BRF:0
BRH:0
end_of_record
TN:
SF:src/context/AuthContext.jsx
FN:5,(anonymous_0)
FN:8,(anonymous_1)
FN:14,(anonymous_2)
FN:15,(anonymous_3)
FN:19,(anonymous_4)
FN:24,(anonymous_5)
FNF:6
FNH:0
FNDA:0,(anonymous_0)
FNDA:0,(anonymous_1)
FNDA:0,(anonymous_2)
FNDA:0,(anonymous_3)
FNDA:0,(anonymous_4)
FNDA:0,(anonymous_5)
DA:3,2
DA:5,2
DA:6,0
DA:8,0
DA:9,0
DA:10,0
DA:11,0
DA:14,0
DA:16,0
DA:17,0
DA:19,0
DA:24,0
DA:25,0
DA:26,0
DA:27,0
DA:29,0
DA:33,0
LF:17
LH:2
BRDA:10,0,0,0
BRDA:10,0,1,0
BRDA:14,1,0,0
BRDA:14,1,1,0
BRDA:16,2,0,0
BRDA:16,2,1,0
BRDA:16,3,0,0
BRDA:16,3,1,0
BRDA:26,4,0,0
BRDA:26,4,1,0
BRDA:26,5,0,0
BRDA:26,5,1,0
BRF:12
BRH:0
end_of_record
